----------
epoch			: 5
bce_loss		: 0.6804426312446594
----------
epoch			: 10
bce_loss		: 0.6796637177467346
----------
epoch			: 15
bce_loss		: 0.6794174909591675
----------
epoch			: 20
bce_loss		: 0.6792470216751099
----------
epoch			: 25
bce_loss		: 0.6787577867507935
----------
epoch			: 30
bce_loss		: 0.6783356070518494
----------
epoch			: 35
bce_loss		: 0.6782920360565186
----------
epoch			: 40
bce_loss		: 0.6772768497467041
----------
epoch			: 45
bce_loss		: 0.6769819855690002
----------
epoch			: 50
bce_loss		: 0.6772369742393494
----------
Encoder Size: 12
Accuracy: 59903.74609375%
